#
# There is insufficient memory for the Java Runtime Environment to continue.
# Native memory allocation (malloc) failed to allocate 221773824 bytes for committing reserved memory.
# Possible reasons:
#   The system is out of physical RAM or swap space
#   In 32 bit mode, the process size limit was hit
# Possible solutions:
#   Reduce memory load on the system
#   Increase physical memory or swap space
#   Check if swap backing store is full
#   Use 64 bit Java on a 64 bit OS
#   Decrease Java heap size (-Xmx/-Xms)
#   Decrease number of Java threads
#   Decrease Java thread stack sizes (-Xss)
#   Set larger code cache with -XX:ReservedCodeCacheSize=
# This output file may be truncated or incomplete.
#
#  Out of Memory Error (os_linux.cpp:2745), pid=9784, tid=3500244629248
#
# JRE version: Java(TM) SE Runtime Environment (7.0_71-b14) (build 1.7.0_71-b14)
# Java VM: Java HotSpot(TM) 64-Bit Server VM (24.71-b01 mixed mode linux-amd64 compressed oops)
# Failed to write core dump. Core dumps have been disabled. To enable core dumping, try "ulimit -c unlimited" before starting Java again
#

---------------  T H R E A D  ---------------

Current thread (0x0000032f48131000):  VMThread [stack: 0x0000032ef6c67000,0x0000032ef6d68000] [id=9802]

Stack: [0x0000032ef6c67000,0x0000032ef6d68000],  sp=0x0000032ef6d661d0,  free space=1020k
Native frames: (J=compiled Java code, j=interpreted, Vv=VM code, C=native code)
V  [libjvm.so+0x9a0a1a]  VMError::report_and_die()+0x2ea
V  [libjvm.so+0x4974bb]  report_vm_out_of_memory(char const*, int, unsigned long, char const*)+0x9b
V  [libjvm.so+0x81e4de]  os::Linux::commit_memory_impl(char*, unsigned long, bool)+0xfe
V  [libjvm.so+0x81ea29]  os::pd_commit_memory(char*, unsigned long, unsigned long, bool)+0x29
V  [libjvm.so+0x8187da]  os::commit_memory(char*, unsigned long, unsigned long, bool)+0x2a
V  [libjvm.so+0x88b2e3]  PSVirtualSpace::expand_by(unsigned long)+0x53
V  [libjvm.so+0x87a760]  PSOldGen::expand(unsigned long)+0x170
V  [libjvm.so+0x87a96b]  PSOldGen::resize(unsigned long)+0x1cb
V  [libjvm.so+0x883631]  PSParallelCompact::invoke_no_policy(bool)+0x9b1
V  [libjvm.so+0x88958d]  PSScavenge::invoke()+0x1ad
V  [libjvm.so+0x840050]  ParallelScavengeHeap::failed_mem_allocate(unsigned long)+0x70
V  [libjvm.so+0x9a22a7]  VM_ParallelGCFailedAllocation::doit()+0x97
V  [libjvm.so+0x9a9745]  VM_Operation::evaluate()+0x55
V  [libjvm.so+0x9a7b0a]  VMThread::evaluate_operation(VM_Operation*)+0xba
V  [libjvm.so+0x9a7e8e]  VMThread::loop()+0x1ce
V  [libjvm.so+0x9a8300]  VMThread::run()+0x70
V  [libjvm.so+0x8204b8]  java_start(Thread*)+0x108
C  [libpthread.so.0+0x836d]  __pthread_get_minstack+0x12bd

VM_Operation (0x0000032f4c201ee0): ParallelGCFailedAllocation, mode: safepoint, requested by thread 0x0000032f4800a000


---------------  P R O C E S S  ---------------

Java Threads: ( => current thread )
  0x0000032f4815f800 JavaThread "Service Thread" daemon [_thread_blocked, id=9808, stack(0x0000032ef60cb000,0x0000032ef61cc000)]
  0x0000032f4815d000 JavaThread "C2 CompilerThread1" daemon [_thread_blocked, id=9807, stack(0x0000032ef6233000,0x0000032ef6334000)]
  0x0000032f4815a000 JavaThread "C2 CompilerThread0" daemon [_thread_blocked, id=9806, stack(0x0000032ef640f000,0x0000032ef6510000)]
  0x0000032f48158000 JavaThread "Signal Dispatcher" daemon [_thread_blocked, id=9805, stack(0x0000032ef65a6000,0x0000032ef66a7000)]
  0x0000032f48137000 JavaThread "Finalizer" daemon [_thread_blocked, id=9804, stack(0x0000032ef6991000,0x0000032ef6a92000)]
  0x0000032f48135000 JavaThread "Reference Handler" daemon [_thread_blocked, id=9803, stack(0x0000032ef6aa2000,0x0000032ef6ba3000)]
  0x0000032f4800a000 JavaThread "main" [_thread_blocked, id=9797, stack(0x0000032f4c103000,0x0000032f4c204000)]

Other Threads:
=>0x0000032f48131000 VMThread [stack: 0x0000032ef6c67000,0x0000032ef6d68000] [id=9802]
  0x0000032f4816a000 WatcherThread [stack: 0x0000032ef5edf000,0x0000032ef5fe0000] [id=9809]

VM state:at safepoint (normal execution)

VM Mutex/Monitor currently owned by a thread:  ([mutex/lock_event])
[0x0000032f48005d20] ExpandHeap_lock - owner thread: 0x0000032f48131000
[0x0000032f480063a0] Threads_lock - owner thread: 0x0000032f48131000
[0x0000032f480068a0] Heap_lock - owner thread: 0x0000032f4800a000

Heap
 PSYoungGen      total 233472K, used 5205K [0x0000032f2e980000, 0x0000032f43f00000, 0x0000032f43f00000)
  eden space 117248K, 0% used [0x0000032f2e980000,0x0000032f2e980000,0x0000032f35c00000)
  from space 116224K, 4% used [0x0000032f3cd80000,0x0000032f3d295628,0x0000032f43f00000)
  to   space 116224K, 0% used [0x0000032f35c00000,0x0000032f35c00000,0x0000032f3cd80000)
 ParOldGen       total 274432K, used 274046K [0x0000032f03f00000, 0x0000032f14b00000, 0x0000032f2e980000)
  object space 274432K, 99% used [0x0000032f03f00000,0x0000032f14a9f8d0,0x0000032f14b00000)
 PSPermGen       total 21504K, used 5780K [0x0000032efed00000, 0x0000032f00200000, 0x0000032f03f00000)
  object space 21504K, 26% used [0x0000032efed00000,0x0000032eff2a5360,0x0000032f00200000)

Card table byte_map: [0x0000032efea56000,0x0000032efec80000] byte_map_base: 0x0000032d6725f800

Polling page: 0x0000032f4e07a000

Code Cache  [0x0000032f43f69000, 0x0000032f442c9000, 0x0000032f46f69000)
 total_blobs=1205 nmethods=978 adapters=180 free_code_cache=45971Kb largest_free_block=46851456

Compilation events (10 events):
Event: 39,278 Thread 0x0000032f4815a000 nmethod 1113 0x0000032f44279fd0 code [0x0000032f4427a120, 0x0000032f4427a1a8]
Event: 39,470 Thread 0x0000032f4815d000 1114             com.android.dx.cf.direct.DirectClassFile$DcfTypeList::size (5 bytes)
Event: 39,471 Thread 0x0000032f4815d000 nmethod 1114 0x0000032f44279dd0 code [0x0000032f44279f00, 0x0000032f44279f58]
Event: 39,590 Thread 0x0000032f4815a000 1115             java.util.DualPivotQuicksort::sort (1195 bytes)
Event: 39,632 Thread 0x0000032f4815a000 nmethod 1115 0x0000032f4424f2d0 code [0x0000032f4424f540, 0x0000032f44250be0]
Event: 39,654 Thread 0x0000032f4815d000 1116             com.android.dx.rop.code.Rops::opReturn (89 bytes)
Event: 39,656 Thread 0x0000032f4815d000 nmethod 1116 0x0000032f44279a50 code [0x0000032f44279ba0, 0x0000032f44279ce8]
Event: 39,682 Thread 0x0000032f4815d000 1117             java.util.Collections$UnmodifiableCollection::size (10 bytes)
Event: 39,683 Thread 0x0000032f4815d000 nmethod 1117 0x0000032f442797d0 code [0x0000032f44279920, 0x0000032f442799b8]
Event: 39,816 Thread 0x0000032f4815d000 1118             com.android.dx.ssa.back.RegisterAllocator::insertMoveBefore (240 bytes)

GC Heap History (10 events):
Event: 36,511 GC heap after
Heap after GC invocations=25 (full 3):
 PSYoungGen      total 233472K, used 107860K [0x0000032f2e980000, 0x0000032f43f00000, 0x0000032f43f00000)
  eden space 117248K, 0% used [0x0000032f2e980000,0x0000032f2e980000,0x0000032f35c00000)
  from space 116224K, 92% used [0x0000032f3cd80000,0x0000032f436d5298,0x0000032f43f00000)
  to   space 116224K, 0% used [0x0000032f35c00000,0x0000032f35c00000,0x0000032f3cd80000)
 ParOldGen       total 274432K, used 144936K [0x0000032f03f00000, 0x0000032f14b00000, 0x0000032f2e980000)
  object space 274432K, 52% used [0x0000032f03f00000,0x0000032f0cc8a0f0,0x0000032f14b00000)
 PSPermGen       total 21504K, used 5752K [0x0000032efed00000, 0x0000032f00200000, 0x0000032f03f00000)
  object space 21504K, 26% used [0x0000032efed00000,0x0000032eff29e358,0x0000032f00200000)
}
Event: 37,302 GC heap before
{Heap before GC invocations=26 (full 3):
 PSYoungGen      total 233472K, used 225108K [0x0000032f2e980000, 0x0000032f43f00000, 0x0000032f43f00000)
  eden space 117248K, 100% used [0x0000032f2e980000,0x0000032f35c00000,0x0000032f35c00000)
  from space 116224K, 92% used [0x0000032f3cd80000,0x0000032f436d5298,0x0000032f43f00000)
  to   space 116224K, 0% used [0x0000032f35c00000,0x0000032f35c00000,0x0000032f3cd80000)
 ParOldGen       total 274432K, used 144936K [0x0000032f03f00000, 0x0000032f14b00000, 0x0000032f2e980000)
  object space 274432K, 52% used [0x0000032f03f00000,0x0000032f0cc8a0f0,0x0000032f14b00000)
 PSPermGen       total 21504K, used 5767K [0x0000032efed00000, 0x0000032f00200000, 0x0000032f03f00000)
  object space 21504K, 26% used [0x0000032efed00000,0x0000032eff2a1d98,0x0000032f00200000)
Event: 37,429 GC heap after
Heap after GC invocations=26 (full 3):
 PSYoungGen      total 233472K, used 115048K [0x0000032f2e980000, 0x0000032f43f00000, 0x0000032f43f00000)
  eden space 117248K, 0% used [0x0000032f2e980000,0x0000032f2e980000,0x0000032f35c00000)
  from space 116224K, 98% used [0x0000032f35c00000,0x0000032f3cc5a110,0x0000032f3cd80000)
  to   space 116224K, 0% used [0x0000032f3cd80000,0x0000032f3cd80000,0x0000032f43f00000)
 ParOldGen       total 274432K, used 157100K [0x0000032f03f00000, 0x0000032f14b00000, 0x0000032f2e980000)
  object space 274432K, 57% used [0x0000032f03f00000,0x0000032f0d86b2a8,0x0000032f14b00000)
 PSPermGen       total 21504K, used 5767K [0x0000032efed00000, 0x0000032f00200000, 0x0000032f03f00000)
  object space 21504K, 26% used [0x0000032efed00000,0x0000032eff2a1d98,0x0000032f00200000)
}
Event: 38,151 GC heap before
{Heap before GC invocations=27 (full 3):
 PSYoungGen      total 233472K, used 232296K [0x0000032f2e980000, 0x0000032f43f00000, 0x0000032f43f00000)
  eden space 117248K, 100% used [0x0000032f2e980000,0x0000032f35c00000,0x0000032f35c00000)
  from space 116224K, 98% used [0x0000032f35c00000,0x0000032f3cc5a110,0x0000032f3cd80000)
  to   space 116224K, 0% used [0x0000032f3cd80000,0x0000032f3cd80000,0x0000032f43f00000)
 ParOldGen       total 274432K, used 157100K [0x0000032f03f00000, 0x0000032f14b00000, 0x0000032f2e980000)
  object space 274432K, 57% used [0x0000032f03f00000,0x0000032f0d86b2a8,0x0000032f14b00000)
 PSPermGen       total 21504K, used 5773K [0x0000032efed00000, 0x0000032f00200000, 0x0000032f03f00000)
  object space 21504K, 26% used [0x0000032efed00000,0x0000032eff2a3430,0x0000032f00200000)
Event: 38,293 GC heap after
Heap after GC invocations=27 (full 3):
 PSYoungGen      total 233472K, used 112154K [0x0000032f2e980000, 0x0000032f43f00000, 0x0000032f43f00000)
  eden space 117248K, 0% used [0x0000032f2e980000,0x0000032f2e980000,0x0000032f35c00000)
  from space 116224K, 96% used [0x0000032f3cd80000,0x0000032f43b06928,0x0000032f43f00000)
  to   space 116224K, 0% used [0x0000032f35c00000,0x0000032f35c00000,0x0000032f3cd80000)
 ParOldGen       total 274432K, used 176234K [0x0000032f03f00000, 0x0000032f14b00000, 0x0000032f2e980000)
  object space 274432K, 64% used [0x0000032f03f00000,0x0000032f0eb1aac8,0x0000032f14b00000)
 PSPermGen       total 21504K, used 5773K [0x0000032efed00000, 0x0000032f00200000, 0x0000032f03f00000)
  object space 21504K, 26% used [0x0000032efed00000,0x0000032eff2a3430,0x0000032f00200000)
}
Event: 38,970 GC heap before
{Heap before GC invocations=28 (full 3):
 PSYoungGen      total 233472K, used 229402K [0x0000032f2e980000, 0x0000032f43f00000, 0x0000032f43f00000)
  eden space 117248K, 100% used [0x0000032f2e980000,0x0000032f35c00000,0x0000032f35c00000)
  from space 116224K, 96% used [0x0000032f3cd80000,0x0000032f43b06928,0x0000032f43f00000)
  to   space 116224K, 0% used [0x0000032f35c00000,0x0000032f35c00000,0x0000032f3cd80000)
 ParOldGen       total 274432K, used 176234K [0x0000032f03f00000, 0x0000032f14b00000, 0x0000032f2e980000)
  object space 274432K, 64% used [0x0000032f03f00000,0x0000032f0eb1aac8,0x0000032f14b00000)
 PSPermGen       total 21504K, used 5776K [0x0000032efed00000, 0x0000032f00200000, 0x0000032f03f00000)
  object space 21504K, 26% used [0x0000032efed00000,0x0000032eff2a4100,0x0000032f00200000)
Event: 39,142 GC heap after
Heap after GC invocations=28 (full 3):
 PSYoungGen      total 233472K, used 93524K [0x0000032f2e980000, 0x0000032f43f00000, 0x0000032f43f00000)
  eden space 117248K, 0% used [0x0000032f2e980000,0x0000032f2e980000,0x0000032f35c00000)
  from space 116224K, 80% used [0x0000032f35c00000,0x0000032f3b7552e0,0x0000032f3cd80000)
  to   space 116224K, 0% used [0x0000032f3cd80000,0x0000032f3cd80000,0x0000032f43f00000)
 ParOldGen       total 274432K, used 213775K [0x0000032f03f00000, 0x0000032f14b00000, 0x0000032f2e980000)
  object space 274432K, 77% used [0x0000032f03f00000,0x0000032f10fc3e88,0x0000032f14b00000)
 PSPermGen       total 21504K, used 5776K [0x0000032efed00000, 0x0000032f00200000, 0x0000032f03f00000)
  object space 21504K, 26% used [0x0000032efed00000,0x0000032eff2a4100,0x0000032f00200000)
}
Event: 39,822 GC heap before
{Heap before GC invocations=29 (full 3):
 PSYoungGen      total 233472K, used 210772K [0x0000032f2e980000, 0x0000032f43f00000, 0x0000032f43f00000)
  eden space 117248K, 100% used [0x0000032f2e980000,0x0000032f35c00000,0x0000032f35c00000)
  from space 116224K, 80% used [0x0000032f35c00000,0x0000032f3b7552e0,0x0000032f3cd80000)
  to   space 116224K, 0% used [0x0000032f3cd80000,0x0000032f3cd80000,0x0000032f43f00000)
 ParOldGen       total 274432K, used 213775K [0x0000032f03f00000, 0x0000032f14b00000, 0x0000032f2e980000)
  object space 274432K, 77% used [0x0000032f03f00000,0x0000032f10fc3e88,0x0000032f14b00000)
 PSPermGen       total 21504K, used 5781K [0x0000032efed00000, 0x0000032f00200000, 0x0000032f03f00000)
  object space 21504K, 26% used [0x0000032efed00000,0x0000032eff2a57a0,0x0000032f00200000)
Event: 44,854 GC heap after
Heap after GC invocations=29 (full 3):
 PSYoungGen      total 233472K, used 73397K [0x0000032f2e980000, 0x0000032f43f00000, 0x0000032f43f00000)
  eden space 117248K, 0% used [0x0000032f2e980000,0x0000032f2e980000,0x0000032f35c00000)
  from space 116224K, 63% used [0x0000032f3cd80000,0x0000032f4152d540,0x0000032f43f00000)
  to   space 116224K, 0% used [0x0000032f35c00000,0x0000032f35c00000,0x0000032f3cd80000)
 ParOldGen       total 274432K, used 251848K [0x0000032f03f00000, 0x0000032f14b00000, 0x0000032f2e980000)
  object space 274432K, 91% used [0x0000032f03f00000,0x0000032f134f21c0,0x0000032f14b00000)
 PSPermGen       total 21504K, used 5781K [0x0000032efed00000, 0x0000032f00200000, 0x0000032f03f00000)
  object space 21504K, 26% used [0x0000032efed00000,0x0000032eff2a57a0,0x0000032f00200000)
}
Event: 44,854 GC heap before
{Heap before GC invocations=30 (full 4):
 PSYoungGen      total 233472K, used 73397K [0x0000032f2e980000, 0x0000032f43f00000, 0x0000032f43f00000)
  eden space 117248K, 0% used [0x0000032f2e980000,0x0000032f2e980000,0x0000032f35c00000)
  from space 116224K, 63% used [0x0000032f3cd80000,0x0000032f4152d540,0x0000032f43f00000)
  to   space 116224K, 0% used [0x0000032f35c00000,0x0000032f35c00000,0x0000032f3cd80000)
 ParOldGen       total 274432K, used 251848K [0x0000032f03f00000, 0x0000032f14b00000, 0x0000032f2e980000)
  object space 274432K, 91% used [0x0000032f03f00000,0x0000032f134f21c0,0x0000032f14b00000)
 PSPermGen       total 21504K, used 5781K [0x0000032efed00000, 0x0000032f00200000, 0x0000032f03f00000)
  object space 21504K, 26% used [0x0000032efed00000,0x0000032eff2a57a0,0x0000032f00200000)

Deoptimization events (10 events):
Event: 32,560 Thread 0x0000032f4800a000 Uncommon trap: reason=bimorphic action=maybe_recompile pc=0x0000032f4425c0cc method=com.android.dx.cf.code.BytecodeArray.parseInstruction(ILcom/android/dx/cf/code/BytecodeArray$Visitor;)I @ 939
Event: 32,560 Thread 0x0000032f4800a000 Uncommon trap: reason=bimorphic action=maybe_recompile pc=0x0000032f4425c148 method=com.android.dx.cf.code.BytecodeArray.parseInstruction(ILcom/android/dx/cf/code/BytecodeArray$Visitor;)I @ 955
Event: 32,560 Thread 0x0000032f4800a000 Uncommon trap: reason=bimorphic action=maybe_recompile pc=0x0000032f4425c1c4 method=com.android.dx.cf.code.BytecodeArray.parseInstruction(ILcom/android/dx/cf/code/BytecodeArray$Visitor;)I @ 971
Event: 32,560 Thread 0x0000032f4800a000 Uncommon trap: reason=bimorphic action=maybe_recompile pc=0x0000032f4425c240 method=com.android.dx.cf.code.BytecodeArray.parseInstruction(ILcom/android/dx/cf/code/BytecodeArray$Visitor;)I @ 987
Event: 32,560 Thread 0x0000032f4800a000 Uncommon trap: reason=bimorphic action=maybe_recompile pc=0x0000032f4425c050 method=com.android.dx.cf.code.BytecodeArray.parseInstruction(ILcom/android/dx/cf/code/BytecodeArray$Visitor;)I @ 923
Event: 32,561 Thread 0x0000032f4800a000 Uncommon trap: reason=unreached action=reinterpret pc=0x0000032f44247efc method=com.android.dx.cf.code.RopperMachine.run(Lcom/android/dx/cf/code/Frame;II)V @ 1500
Event: 32,561 Thread 0x0000032f4800a000 Uncommon trap: reason=class_check action=maybe_recompile pc=0x0000032f43ffca58 method=com.android.dx.cf.code.Ropper.processBlock(Lcom/android/dx/cf/code/ByteBlock;Lcom/android/dx/cf/code/Frame;[I)V @ 777
Event: 33,188 Thread 0x0000032f4800a000 Uncommon trap: reason=null_check action=make_not_entrant pc=0x0000032f44279bcc method=com.android.dx.rop.cst.CstType.intern(Lcom/android/dx/rop/type/Type;)Lcom/android/dx/rop/cst/CstType; @ 13
Event: 35,219 Thread 0x0000032f4800a000 Uncommon trap: reason=class_check action=maybe_recompile pc=0x0000032f43ffca58 method=com.android.dx.cf.code.Ropper.processBlock(Lcom/android/dx/cf/code/ByteBlock;Lcom/android/dx/cf/code/Frame;[I)V @ 777
Event: 38,053 Thread 0x0000032f4800a000 Uncommon trap: reason=range_check action=make_not_entrant pc=0x0000032f4427b420 method=java.util.DualPivotQuicksort.sort([IIIZ)V @ 56

Internal exceptions (10 events):
Event: 26,602 Thread 0x0000032f4800a000 Implicit null exception at 0x0000032f44143b62 to 0x0000032f44143c5b
Event: 26,603 Thread 0x0000032f4800a000 Implicit null exception at 0x0000032f44064f30 to 0x0000032f44065785
Event: 26,603 Thread 0x0000032f4800a000 Implicit null exception at 0x0000032f441c7618 to 0x0000032f441c785d
Event: 26,623 Thread 0x0000032f4800a000 Implicit null exception at 0x0000032f441f5bf0 to 0x0000032f441f65c9
Event: 31,215 Thread 0x0000032f4800a000 Threw 0x0000032f2ed044d0 at /HUDSON/workspace/7u-2-build-linux-amd64/jdk7u71/1605/hotspot/src/share/vm/prims/jvm.cpp:1281
Event: 31,706 Thread 0x0000032f4800a000 Implicit null exception at 0x0000032f4412f48e to 0x0000032f44130aa5
Event: 31,824 Thread 0x0000032f4800a000 Implicit null exception at 0x0000032f43feefad to 0x0000032f43fefdd9
Event: 32,861 Thread 0x0000032f4800a000 Threw 0x0000032f340d1f98 at /HUDSON/workspace/7u-2-build-linux-amd64/jdk7u71/1605/hotspot/src/share/vm/prims/jvm.cpp:1281
Event: 33,188 Thread 0x0000032f4800a000 Implicit null exception at 0x0000032f44276d4b to 0x0000032f44279bb1
Event: 37,497 Thread 0x0000032f4800a000 Threw 0x0000032f2ebf5928 at /HUDSON/workspace/7u-2-build-linux-amd64/jdk7u71/1605/hotspot/src/share/vm/prims/jvm.cpp:1281

Events (10 events):
Event: 37,644 loading class 0x0000032f4df387c0
Event: 37,645 loading class 0x0000032f4df387c0 done
Event: 38,053 Thread 0x0000032f4800a000 Uncommon trap: trap_request=0xffffffe4 fr.pc=0x0000032f4427b420
Event: 38,053 Thread 0x0000032f4800a000 DEOPT PACKING pc=0x0000032f4427b420 sp=0x0000032f4c201dd0
Event: 38,053 Thread 0x0000032f4800a000 DEOPT UNPACKING pc=0x0000032f43fa2445 sp=0x0000032f4c201d58 mode 2
Event: 38,151 Executing VM operation: ParallelGCFailedAllocation
Event: 38,293 Executing VM operation: ParallelGCFailedAllocation done
Event: 38,970 Executing VM operation: ParallelGCFailedAllocation
Event: 39,142 Executing VM operation: ParallelGCFailedAllocation done
Event: 39,822 Executing VM operation: ParallelGCFailedAllocation


Dynamic libraries:
00400000-00401000 r-xp 00000000 fc:03 42397677                           /opt/oracle-jdk-bin-1.7.0.71/bin/java
00600000-00601000 rw-p 00000000 fc:03 42397677                           /opt/oracle-jdk-bin-1.7.0.71/bin/java
00601000-01f65000 ---p 00000000 00:00 0 
01f65000-01f87000 rw-p 00000000 00:00 0                                  [heap]
32ec0000000-32ec0021000 rw-p 00000000 00:00 0 
32ec0021000-32ec4000000 ---p 00000000 00:00 0 
32ec8000000-32eca743000 rw-p 00000000 00:00 0 
32eca743000-32ecc000000 ---p 00000000 00:00 0 
32ed0000000-32ed0021000 rw-p 00000000 00:00 0 
32ed0021000-32ed4000000 ---p 00000000 00:00 0 
32ed4000000-32ed4021000 rw-p 00000000 00:00 0 
32ed4021000-32ed8000000 ---p 00000000 00:00 0 
32ed8000000-32ed8021000 rw-p 00000000 00:00 0 
32ed8021000-32edc000000 ---p 00000000 00:00 0 
32edc000000-32edce70000 rw-p 00000000 00:00 0 
32edce70000-32ee0000000 ---p 00000000 00:00 0 
32ee0000000-32ee0021000 rw-p 00000000 00:00 0 
32ee0021000-32ee4000000 ---p 00000000 00:00 0 
32ee4000000-32ee4021000 rw-p 00000000 00:00 0 
32ee4021000-32ee8000000 ---p 00000000 00:00 0 
32ee8000000-32ee8021000 rw-p 00000000 00:00 0 
32ee8021000-32eec000000 ---p 00000000 00:00 0 
32eec000000-32eec265000 rw-p 00000000 00:00 0 
32eec265000-32ef0000000 ---p 00000000 00:00 0 
32ef0000000-32ef0021000 rw-p 00000000 00:00 0 
32ef0021000-32ef4000000 ---p 00000000 00:00 0 
32ef5ab7000-32ef5acd000 r-xp 00000000 fc:03 84314507                     /opt/oracle-jdk-bin-1.7.0.71/jre/lib/amd64/libnet.so
32ef5acd000-32ef5ccd000 ---p 00016000 fc:03 84314507                     /opt/oracle-jdk-bin-1.7.0.71/jre/lib/amd64/libnet.so
32ef5ccd000-32ef5cce000 rw-p 00016000 fc:03 84314507                     /opt/oracle-jdk-bin-1.7.0.71/jre/lib/amd64/libnet.so
32ef5cce000-32ef5cde000 r-xp 00000000 fc:03 84314505                     /opt/oracle-jdk-bin-1.7.0.71/jre/lib/amd64/libnio.so
32ef5cde000-32ef5ede000 ---p 00010000 fc:03 84314505                     /opt/oracle-jdk-bin-1.7.0.71/jre/lib/amd64/libnio.so
32ef5ede000-32ef5edf000 rw-p 00010000 fc:03 84314505                     /opt/oracle-jdk-bin-1.7.0.71/jre/lib/amd64/libnio.so
32ef5edf000-32ef5ee0000 ---p 00000000 00:00 0 
32ef5ee0000-32ef5fe0000 rw-p 00000000 00:00 0                            [stack:9809]
32ef60cb000-32ef60ce000 ---p 00000000 00:00 0 
32ef60ce000-32ef61cc000 rw-p 00000000 00:00 0                            [stack:9808]
32ef6233000-32ef6236000 ---p 00000000 00:00 0 
32ef6236000-32ef6334000 rw-p 00000000 00:00 0                            [stack:9807]
32ef640f000-32ef6412000 ---p 00000000 00:00 0 
32ef6412000-32ef6510000 rw-p 00000000 00:00 0                            [stack:9806]
32ef65a6000-32ef65a9000 ---p 00000000 00:00 0 
32ef65a9000-32ef66a7000 rw-p 00000000 00:00 0                            [stack:9805]
32ef66d4000-32ef6991000 r--p 00000000 fc:04 3698844                      /usr/lib64/locale/locale-archive
32ef6991000-32ef6994000 ---p 00000000 00:00 0 
32ef6994000-32ef6a92000 rw-p 00000000 00:00 0                            [stack:9804]
32ef6aa2000-32ef6aa5000 ---p 00000000 00:00 0 
32ef6aa5000-32ef6ba3000 rw-p 00000000 00:00 0                            [stack:9803]
32ef6c67000-32ef6c68000 ---p 00000000 00:00 0 
32ef6c68000-32ef6d68000 rw-p 00000000 00:00 0                            [stack:9802]
32ef6e0a000-32ef7c18000 rw-p 00000000 00:00 0 
32ef7c18000-32ef7dd7000 r--s 039e9000 fc:03 42243531                     /opt/oracle-jdk-bin-1.7.0.71/jre/lib/rt.jar
32ef7dd7000-32ef8000000 rw-p 00000000 00:00 0 
32ef8000000-32ef8021000 rw-p 00000000 00:00 0 
32ef8021000-32efc000000 ---p 00000000 00:00 0 
32efc01d000-32efe2ad000 rw-p 00000000 00:00 0 
32efe2ad000-32efe2ae000 ---p 00000000 00:00 0 
32efe2ae000-32efe3ae000 rw-p 00000000 00:00 0                            [stack:9801]
32efe3cb000-32efe3cc000 ---p 00000000 00:00 0 
32efe3cc000-32efe4cc000 rw-p 00000000 00:00 0                            [stack:9800]
32efe5b9000-32efe5ba000 ---p 00000000 00:00 0 
32efe5ba000-32efe6ba000 rw-p 00000000 00:00 0                            [stack:9799]
32efe74b000-32efe74c000 ---p 00000000 00:00 0 
32efe74c000-32efe84c000 rw-p 00000000 00:00 0                            [stack:9798]
32efe900000-32efe986000 rw-p 00000000 00:00 0 
32efe986000-32efea56000 rw-p 00000000 00:00 0 
32efea56000-32efea61000 rw-p 00000000 00:00 0 
32efea61000-32efea7f000 rw-p 00000000 00:00 0 
32efea7f000-32efeb05000 rw-p 00000000 00:00 0 
32efeb05000-32efebd4000 rw-p 00000000 00:00 0 
32efebd4000-32efec7f000 rw-p 00000000 00:00 0 
32efec7f000-32efec80000 rw-p 00000000 00:00 0 
32efec80000-32efed00000 ---p 00000000 00:00 0 
32efed00000-32f00200000 rw-p 00000000 00:00 0 
32f00200000-32f03f00000 rw-p 00000000 00:00 0 
32f03f00000-32f14b00000 rw-p 00000000 00:00 0 
32f21c7d000-32f21c7f000 r-xp 00000000 fc:04 3684374                      /usr/lib64/gconv/ISO8859-1.so
32f21c7f000-32f21e7e000 ---p 00002000 fc:04 3684374                      /usr/lib64/gconv/ISO8859-1.so
32f21e7e000-32f21e7f000 r--p 00001000 fc:04 3684374                      /usr/lib64/gconv/ISO8859-1.so
32f21e7f000-32f21e80000 rw-p 00002000 fc:04 3684374                      /usr/lib64/gconv/ISO8859-1.so
32f21e80000-32f2e980000 rw-p 00000000 00:00 0 
32f2e980000-32f43f00000 rw-p 00000000 00:00 0 
32f43f69000-32f442c9000 rwxp 00000000 00:00 0 
32f442c9000-32f46f69000 rw-p 00000000 00:00 0 
32f46f69000-32f46f83000 r-xp 00000000 fc:03 84288873                     /opt/oracle-jdk-bin-1.7.0.71/jre/lib/amd64/libzip.so
32f46f83000-32f47183000 ---p 0001a000 fc:03 84288873                     /opt/oracle-jdk-bin-1.7.0.71/jre/lib/amd64/libzip.so
32f47183000-32f47184000 rw-p 0001a000 fc:03 84288873                     /opt/oracle-jdk-bin-1.7.0.71/jre/lib/amd64/libzip.so
32f47184000-32f4718f000 r-xp 00000000 fc:03 42433537                     /lib64/libnss_files-2.19.so
32f4718f000-32f4738f000 ---p 0000b000 fc:03 42433537                     /lib64/libnss_files-2.19.so
32f4738f000-32f47390000 r--p 0000b000 fc:03 42433537                     /lib64/libnss_files-2.19.so
32f47390000-32f47391000 rw-p 0000c000 fc:03 42433537                     /lib64/libnss_files-2.19.so
32f47391000-32f4739b000 r-xp 00000000 fc:03 41943245                     /lib64/libnss_nis-2.19.so
32f4739b000-32f4759b000 ---p 0000a000 fc:03 41943245                     /lib64/libnss_nis-2.19.so
32f4759b000-32f4759c000 r--p 0000a000 fc:03 41943245                     /lib64/libnss_nis-2.19.so
32f4759c000-32f4759d000 rw-p 0000b000 fc:03 41943245                     /lib64/libnss_nis-2.19.so
32f4759d000-32f475b3000 r-xp 00000000 fc:03 42433546                     /lib64/libnsl-2.19.so
32f475b3000-32f477b2000 ---p 00016000 fc:03 42433546                     /lib64/libnsl-2.19.so
32f477b2000-32f477b3000 r--p 00015000 fc:03 42433546                     /lib64/libnsl-2.19.so
32f477b3000-32f477b4000 rw-p 00016000 fc:03 42433546                     /lib64/libnsl-2.19.so
32f477b4000-32f477b6000 rw-p 00000000 00:00 0 
32f477b6000-32f477be000 r-xp 00000000 fc:03 41943258                     /lib64/libnss_compat-2.19.so
32f477be000-32f479bd000 ---p 00008000 fc:03 41943258                     /lib64/libnss_compat-2.19.so
32f479bd000-32f479be000 r--p 00007000 fc:03 41943258                     /lib64/libnss_compat-2.19.so
32f479be000-32f479bf000 rw-p 00008000 fc:03 41943258                     /lib64/libnss_compat-2.19.so
32f479bf000-32f479e8000 r-xp 00000000 fc:03 84285617                     /opt/oracle-jdk-bin-1.7.0.71/jre/lib/amd64/libjava.so
32f479e8000-32f47be8000 ---p 00029000 fc:03 84285617                     /opt/oracle-jdk-bin-1.7.0.71/jre/lib/amd64/libjava.so
32f47be8000-32f47bea000 rw-p 00029000 fc:03 84285617                     /opt/oracle-jdk-bin-1.7.0.71/jre/lib/amd64/libjava.so
32f47bea000-32f47bf7000 r-xp 00000000 fc:03 84314499                     /opt/oracle-jdk-bin-1.7.0.71/jre/lib/amd64/libverify.so
32f47bf7000-32f47df6000 ---p 0000d000 fc:03 84314499                     /opt/oracle-jdk-bin-1.7.0.71/jre/lib/amd64/libverify.so
32f47df6000-32f47df8000 rw-p 0000c000 fc:03 84314499                     /opt/oracle-jdk-bin-1.7.0.71/jre/lib/amd64/libverify.so
32f47df8000-32f47dff000 r-xp 00000000 fc:03 42433536                     /lib64/librt-2.19.so
32f47dff000-32f47ffe000 ---p 00007000 fc:03 42433536                     /lib64/librt-2.19.so
32f47ffe000-32f47fff000 r--p 00006000 fc:03 42433536                     /lib64/librt-2.19.so
32f47fff000-32f48000000 rw-p 00007000 fc:03 42433536                     /lib64/librt-2.19.so
32f48000000-32f482fc000 rw-p 00000000 00:00 0 
32f482fc000-32f4c000000 ---p 00000000 00:00 0 
32f4c002000-32f4c103000 rw-p 00000000 00:00 0 
32f4c103000-32f4c106000 ---p 00000000 00:00 0 
32f4c106000-32f4c204000 rw-p 00000000 00:00 0                            [stack:9797]
32f4c249000-32f4c25a000 r--p 00000000 fc:04 3415659                      /usr/share/locale/nb/LC_MESSAGES/libc.mo
32f4c25a000-32f4c2b0000 r--s 00303000 00:1e 351889                       /home/riv/AndroidStudioProjects/TermProject/app/build/intermediates/exploded-aar/com.google.android.gms/play-services/6.5.87/classes.jar
32f4c2b0000-32f4c2fb000 rw-p 00000000 00:00 0 
32f4c2fb000-32f4c3f5000 r-xp 00000000 fc:03 42433529                     /lib64/libm-2.19.so
32f4c3f5000-32f4c5f4000 ---p 000fa000 fc:03 42433529                     /lib64/libm-2.19.so
32f4c5f4000-32f4c5f5000 r--p 000f9000 fc:03 42433529                     /lib64/libm-2.19.so
32f4c5f5000-32f4c5f6000 rw-p 000fa000 fc:03 42433529                     /lib64/libm-2.19.so
32f4c5f6000-32f4d168000 r-xp 00000000 fc:03 105721377                    /opt/oracle-jdk-bin-1.7.0.71/jre/lib/amd64/server/libjvm.so
32f4d168000-32f4d367000 ---p 00b72000 fc:03 105721377                    /opt/oracle-jdk-bin-1.7.0.71/jre/lib/amd64/server/libjvm.so
32f4d367000-32f4d42c000 rw-p 00b71000 fc:03 105721377                    /opt/oracle-jdk-bin-1.7.0.71/jre/lib/amd64/server/libjvm.so
32f4d42c000-32f4d46c000 rw-p 00000000 00:00 0 
32f4d46c000-32f4d619000 r-xp 00000000 fc:03 41943253                     /lib64/libc-2.19.so
32f4d619000-32f4d819000 ---p 001ad000 fc:03 41943253                     /lib64/libc-2.19.so
32f4d819000-32f4d81d000 r--p 001ad000 fc:03 41943253                     /lib64/libc-2.19.so
32f4d81d000-32f4d81f000 rw-p 001b1000 fc:03 41943253                     /lib64/libc-2.19.so
32f4d81f000-32f4d823000 rw-p 00000000 00:00 0 
32f4d823000-32f4d826000 r-xp 00000000 fc:03 42433548                     /lib64/libdl-2.19.so
32f4d826000-32f4da25000 ---p 00003000 fc:03 42433548                     /lib64/libdl-2.19.so
32f4da25000-32f4da26000 r--p 00002000 fc:03 42433548                     /lib64/libdl-2.19.so
32f4da26000-32f4da27000 rw-p 00003000 fc:03 42433548                     /lib64/libdl-2.19.so
32f4da27000-32f4da3d000 r-xp 00000000 fc:03 259903                       /opt/oracle-jdk-bin-1.7.0.71/lib/amd64/jli/libjli.so
32f4da3d000-32f4dc3d000 ---p 00016000 fc:03 259903                       /opt/oracle-jdk-bin-1.7.0.71/lib/amd64/jli/libjli.so
32f4dc3d000-32f4dc3e000 rw-p 00016000 fc:03 259903                       /opt/oracle-jdk-bin-1.7.0.71/lib/amd64/jli/libjli.so
32f4dc3e000-32f4dc57000 r-xp 00000000 fc:03 41943247                     /lib64/libpthread-2.19.so
32f4dc57000-32f4de56000 ---p 00019000 fc:03 41943247                     /lib64/libpthread-2.19.so
32f4de56000-32f4de57000 r--p 00018000 fc:03 41943247                     /lib64/libpthread-2.19.so
32f4de57000-32f4de58000 rw-p 00019000 fc:03 41943247                     /lib64/libpthread-2.19.so
32f4de58000-32f4de5c000 rw-p 00000000 00:00 0 
32f4de5c000-32f4de7e000 r-xp 00000000 fc:03 42433540                     /lib64/ld-2.19.so
32f4de80000-32f4de8f000 r--s 000dd000 00:1e 1118901                      /home/riv/Android/Sdk/build-tools/21.1.2/lib/dx.jar
32f4de8f000-32f4df84000 rw-p 00000000 00:00 0 
32f4df84000-32f4e036000 rw-p 00000000 00:00 0 
32f4e036000-32f4e03a000 rw-p 00000000 00:00 0 
32f4e03f000-32f4e041000 rw-p 00000000 00:00 0 
32f4e041000-32f4e048000 r--s 00000000 fc:04 3685561                      /usr/lib64/gconv/gconv-modules.cache
32f4e048000-32f4e053000 rw-p 00000000 00:00 0 
32f4e053000-32f4e071000 rw-p 00000000 00:00 0 
32f4e071000-32f4e079000 rw-s 00000000 fc:02 57357                        /tmp/hsperfdata_riv/9784
32f4e079000-32f4e07a000 rw-p 00000000 00:00 0 
32f4e07a000-32f4e07b000 ---p 00000000 00:00 0 
32f4e07b000-32f4e07c000 rw-p 00000000 00:00 0 
32f4e07c000-32f4e07d000 r-xp 00000000 00:00 0                            [vdso]
32f4e07d000-32f4e07e000 r--p 00021000 fc:03 42433540                     /lib64/ld-2.19.so
32f4e07e000-32f4e07f000 rw-p 00022000 fc:03 42433540                     /lib64/ld-2.19.so
32f4e07f000-32f4e080000 rw-p 00000000 00:00 0 
3b0e8cee000-3b0e8d10000 rw-p 00000000 00:00 0                            [stack]
ffffffffff600000-ffffffffff601000 r--p 00000000 00:00 0                  [vsyscall]

VM Arguments:
jvm_args: -Xmx1024M 
java_command: /home/riv/Android/Sdk/build-tools/21.1.2/lib/dx.jar --dex --output /home/riv/AndroidStudioProjects/TermProject/app/build/intermediates/pre-dexed/debug/classes-8fb282c5c72b1765f0777e657332619351022d83.jar /home/riv/AndroidStudioProjects/TermProject/app/build/intermediates/exploded-aar/com.google.android.gms/play-services/6.5.87/classes.jar
Launcher Type: SUN_STANDARD

Environment Variables:
JAVA_HOME=/home/riv/.gentoo/java-config-2/current-user-vm
CLASSPATH=/opt/android-studio/bin/../lib/bootstrap.jar:/opt/android-studio/bin/../lib/extensions.jar:/opt/android-studio/bin/../lib/util.jar:/opt/android-studio/bin/../lib/jdom.jar:/opt/android-studio/bin/../lib/log4j.jar:/opt/android-studio/bin/../lib/trove4j.jar:/opt/android-studio/bin/../lib/jna.jar:/home/riv/.gentoo/java-config-2/current-user-vm/lib/tools.jar
PATH=/usr/lib/colorgcc/bin:/usr/local/bin:/usr/bin:/bin:/opt/bin:/usr/x86_64-pc-linux-gnu/gcc-bin/4.8.3:/usr/games/bin
LD_LIBRARY_PATH=/opt/android-studio/bin:
SHELL=/bin/zsh
DISPLAY=:0

Signal Handlers:
SIGSEGV: [libjvm.so+0x9a1330], sa_mask[0]=0x7ffbfeff, sa_flags=0x10000004
SIGBUS: [libjvm.so+0x9a1330], sa_mask[0]=0x7ffbfeff, sa_flags=0x10000004
SIGFPE: [libjvm.so+0x81b390], sa_mask[0]=0x7ffbfeff, sa_flags=0x10000004
SIGPIPE: [libjvm.so+0x81b390], sa_mask[0]=0x7ffbfeff, sa_flags=0x10000004
SIGXFSZ: [libjvm.so+0x81b390], sa_mask[0]=0x7ffbfeff, sa_flags=0x10000004
SIGILL: [libjvm.so+0x81b390], sa_mask[0]=0x7ffbfeff, sa_flags=0x10000004
SIGUSR1: SIG_DFL, sa_mask[0]=0x00000000, sa_flags=0x00000000
SIGUSR2: [libjvm.so+0x81cb90], sa_mask[0]=0x00000004, sa_flags=0x10000004
SIGHUP: [libjvm.so+0x81dc90], sa_mask[0]=0x7ffbfeff, sa_flags=0x10000004
SIGINT: [libjvm.so+0x81dc90], sa_mask[0]=0x7ffbfeff, sa_flags=0x10000004
SIGTERM: [libjvm.so+0x81dc90], sa_mask[0]=0x7ffbfeff, sa_flags=0x10000004
SIGQUIT: [libjvm.so+0x81dc90], sa_mask[0]=0x7ffbfeff, sa_flags=0x10000004


---------------  S Y S T E M  ---------------

OS:Gentoo Base System release 2.2

uname:Linux 3.14.17-hardened-r1corrideat #1 SMP Sun Sep 28 23:26:17 CEST 2014 x86_64
libc:glibc 2.19 NPTL 2.19 
rlimit: STACK 8192k, CORE 0k, NPROC 23266, NOFILE 4096, AS infinity
load average:3,65 1,47 1,06

/proc/meminfo:
MemTotal:        5980440 kB
MemFree:           44432 kB
MemAvailable:     142280 kB
Buffers:             500 kB
Cached:           129740 kB
SwapCached:        40892 kB
Active:          3164716 kB
Inactive:         726624 kB
Active(anon):    3123348 kB
Inactive(anon):   682848 kB
Active(file):      41368 kB
Inactive(file):    43776 kB
Unevictable:         100 kB
Mlocked:             100 kB
SwapTotal:       1048572 kB
SwapFree:              0 kB
Dirty:                 0 kB
Writeback:             0 kB
AnonPages:       3721424 kB
Mapped:           276860 kB
Shmem:             44944 kB
Slab:             200632 kB
SReclaimable:      49328 kB
SUnreclaim:       151304 kB
KernelStack:       12672 kB
PageTables:        44136 kB
NFS_Unstable:          0 kB
Bounce:                0 kB
WritebackTmp:          0 kB
CommitLimit:     4038792 kB
Committed_AS:    7791412 kB
VmallocTotal:   34359738367 kB
VmallocUsed:     1521008 kB
VmallocChunk:   34357399576 kB
HardwareCorrupted:     0 kB
HugePages_Total:       0
HugePages_Free:        0
HugePages_Rsvd:        0
HugePages_Surp:        0
Hugepagesize:       2048 kB
DirectMap4k:     5791484 kB
DirectMap2M:      372736 kB


CPU:total 4 (2 cores per cpu, 2 threads per core) family 6 model 58 stepping 9, cmov, cx8, fxsr, mmx, sse, sse2, sse3, ssse3, sse4.1, sse4.2, popcnt, avx, aes, erms, ht, tsc, tscinvbit, tscinv

/proc/cpuinfo:
processor	: 0
vendor_id	: GenuineIntel
cpu family	: 6
model		: 58
model name	: Intel(R) Core(TM) i5-3210M CPU @ 2.50GHz
stepping	: 9
microcode	: 0x15
cpu MHz		: 2501.000
cache size	: 3072 KB
physical id	: 0
siblings	: 4
core id		: 0
cpu cores	: 2
apicid		: 0
initial apicid	: 0
fpu		: yes
fpu_exception	: yes
cpuid level	: 13
wp		: yes
flags		: fpu vme de pse tsc msr pae mce cx8 apic sep mtrr pge mca cmov pat pse36 clflush dts acpi mmx fxsr sse sse2 ss ht tm pbe syscall nx rdtscp lm constant_tsc arch_perfmon pebs bts rep_good nopl xtopology nonstop_tsc aperfmperf eagerfpu pni pclmulqdq dtes64 monitor ds_cpl vmx est tm2 ssse3 cx16 xtpr pdcm pcid sse4_1 sse4_2 x2apic popcnt tsc_deadline_timer aes xsave avx f16c rdrand lahf_lm ida arat epb xsaveopt pln pts dtherm tpr_shadow vnmi flexpriority ept vpid fsgsbase smep erms
bogomips	: 4988.80
clflush size	: 64
cache_alignment	: 64
address sizes	: 36 bits physical, 48 bits virtual
power management:

processor	: 1
vendor_id	: GenuineIntel
cpu family	: 6
model		: 58
model name	: Intel(R) Core(TM) i5-3210M CPU @ 2.50GHz
stepping	: 9
microcode	: 0x15
cpu MHz		: 2501.000
cache size	: 3072 KB
physical id	: 0
siblings	: 4
core id		: 0
cpu cores	: 2
apicid		: 1
initial apicid	: 1
fpu		: yes
fpu_exception	: yes
cpuid level	: 13
wp		: yes
flags		: fpu vme de pse tsc msr pae mce cx8 apic sep mtrr pge mca cmov pat pse36 clflush dts acpi mmx fxsr sse sse2 ss ht tm pbe syscall nx rdtscp lm constant_tsc arch_perfmon pebs bts rep_good nopl xtopology nonstop_tsc aperfmperf eagerfpu pni pclmulqdq dtes64 monitor ds_cpl vmx est tm2 ssse3 cx16 xtpr pdcm pcid sse4_1 sse4_2 x2apic popcnt tsc_deadline_timer aes xsave avx f16c rdrand lahf_lm ida arat epb xsaveopt pln pts dtherm tpr_shadow vnmi flexpriority ept vpid fsgsbase smep erms
bogomips	: 4988.80
clflush size	: 64
cache_alignment	: 64
address sizes	: 36 bits physical, 48 bits virtual
power management:

processor	: 2
vendor_id	: GenuineIntel
cpu family	: 6
model		: 58
model name	: Intel(R) Core(TM) i5-3210M CPU @ 2.50GHz
stepping	: 9
microcode	: 0x15
cpu MHz		: 2501.000
cache size	: 3072 KB
physical id	: 0
siblings	: 4
core id		: 1
cpu cores	: 2
apicid		: 2
initial apicid	: 2
fpu		: yes
fpu_exception	: yes
cpuid level	: 13
wp		: yes
flags		: fpu vme de pse tsc msr pae mce cx8 apic sep mtrr pge mca cmov pat pse36 clflush dts acpi mmx fxsr sse sse2 ss ht tm pbe syscall nx rdtscp lm constant_tsc arch_perfmon pebs bts rep_good nopl xtopology nonstop_tsc aperfmperf eagerfpu pni pclmulqdq dtes64 monitor ds_cpl vmx est tm2 ssse3 cx16 xtpr pdcm pcid sse4_1 sse4_2 x2apic popcnt tsc_deadline_timer aes xsave avx f16c rdrand lahf_lm ida arat epb xsaveopt pln pts dtherm tpr_shadow vnmi flexpriority ept vpid fsgsbase smep erms
bogomips	: 4988.80
clflush size	: 64
cache_alignment	: 64
address sizes	: 36 bits physical, 48 bits virtual
power management:

processor	: 3
vendor_id	: GenuineIntel
cpu family	: 6
model		: 58
model name	: Intel(R) Core(TM) i5-3210M CPU @ 2.50GHz
stepping	: 9
microcode	: 0x15
cpu MHz		: 2501.000
cache size	: 3072 KB
physical id	: 0
siblings	: 4
core id		: 1
cpu cores	: 2
apicid		: 3
initial apicid	: 3
fpu		: yes
fpu_exception	: yes
cpuid level	: 13
wp		: yes
flags		: fpu vme de pse tsc msr pae mce cx8 apic sep mtrr pge mca cmov pat pse36 clflush dts acpi mmx fxsr sse sse2 ss ht tm pbe syscall nx rdtscp lm constant_tsc arch_perfmon pebs bts rep_good nopl xtopology nonstop_tsc aperfmperf eagerfpu pni pclmulqdq dtes64 monitor ds_cpl vmx est tm2 ssse3 cx16 xtpr pdcm pcid sse4_1 sse4_2 x2apic popcnt tsc_deadline_timer aes xsave avx f16c rdrand lahf_lm ida arat epb xsaveopt pln pts dtherm tpr_shadow vnmi flexpriority ept vpid fsgsbase smep erms
bogomips	: 4988.80
clflush size	: 64
cache_alignment	: 64
address sizes	: 36 bits physical, 48 bits virtual
power management:



Memory: 4k page, physical 5980440k(44432k free), swap 1048572k(0k free)

vm_info: Java HotSpot(TM) 64-Bit Server VM (24.71-b01) for linux-amd64 JRE (1.7.0_71-b14), built on Sep 26 2014 16:41:40 by "java_re" with gcc 4.3.0 20080428 (Red Hat 4.3.0-8)

time: Tue Apr 14 16:20:46 2015
elapsed time: 47 seconds

